{"numTotalTestSuites":4,"numPassedTestSuites":4,"numFailedTestSuites":0,"numPendingTestSuites":0,"numTotalTests":14,"numPassedTests":14,"numFailedTests":0,"numPendingTests":0,"numTodoTests":0,"snapshot":{"added":0,"failure":false,"filesAdded":0,"filesRemoved":0,"filesRemovedList":[],"filesUnmatched":0,"filesUpdated":0,"matched":0,"total":0,"unchecked":0,"uncheckedKeysByFile":[],"unmatched":0,"updated":0,"didUpdate":false},"startTime":1752636853259,"success":true,"testResults":[{"assertionResults":[{"ancestorTitles":["Assistants API routes"],"fullName":"Assistants API routes POST /assistants - should create an assistant","status":"passed","title":"POST /assistants - should create an assistant","duration":15.20032100000003,"failureMessages":[],"meta":{}},{"ancestorTitles":["Assistants API routes"],"fullName":"Assistants API routes GET /assistants/:id - should retrieve the assistant","status":"passed","title":"GET /assistants/:id - should retrieve the assistant","duration":2.280939999999987,"failureMessages":[],"meta":{}},{"ancestorTitles":["Assistants API routes"],"fullName":"Assistants API routes GET /projects/:projectId/assistants - should list assistants by project","status":"passed","title":"GET /projects/:projectId/assistants - should list assistants by project","duration":1.3119859999999335,"failureMessages":[],"meta":{}},{"ancestorTitles":["Assistants API routes"],"fullName":"Assistants API routes PATCH /assistants/:id - should update assistant name","status":"passed","title":"PATCH /assistants/:id - should update assistant name","duration":3.4039960000000065,"failureMessages":[],"meta":{}},{"ancestorTitles":["Assistants API routes"],"fullName":"Assistants API routes DELETE /assistants/:id - should delete the assistant","status":"passed","title":"DELETE /assistants/:id - should delete the assistant","duration":3.033533999999918,"failureMessages":[],"meta":{}},{"ancestorTitles":["Assistants API routes"],"fullName":"Assistants API routes GET /assistants/:id - should return 404 for deleted assistant","status":"passed","title":"GET /assistants/:id - should return 404 for deleted assistant","duration":1.100765000000024,"failureMessages":[],"meta":{}}],"startTime":1752636854082,"endTime":1752636854109.1008,"status":"passed","message":"","name":"/home/mta630/Desktop/Projects/ai-assistant/apps/api/src/routes/assistants/assistants.test.ts"},{"assertionResults":[{"ancestorTitles":["Projects API routes"],"fullName":"Projects API routes POST /projects - should create a project","status":"passed","title":"POST /projects - should create a project","duration":28.412533000000053,"failureMessages":[],"meta":{}},{"ancestorTitles":["Projects API routes"],"fullName":"Projects API routes GET /projects/:id - should retrieve the project","status":"passed","title":"GET /projects/:id - should retrieve the project","duration":2.502841999999987,"failureMessages":[],"meta":{}},{"ancestorTitles":["Projects API routes"],"fullName":"Projects API routes GET /projects/:id - should return 404 if not found","status":"passed","title":"GET /projects/:id - should return 404 if not found","duration":1.107964999999922,"failureMessages":[],"meta":{}},{"ancestorTitles":["Projects API routes"],"fullName":"Projects API routes GET /projects - should return list of projects","status":"passed","title":"GET /projects - should return list of projects","duration":1.2617660000000797,"failureMessages":[],"meta":{}},{"ancestorTitles":["Projects API routes"],"fullName":"Projects API routes PATCH /projects/:id - should update project name","status":"passed","title":"PATCH /projects/:id - should update project name","duration":3.020764999999983,"failureMessages":[],"meta":{}},{"ancestorTitles":["Projects API routes"],"fullName":"Projects API routes PATCH /projects/:id - should return 404 for non-existent ID","status":"passed","title":"PATCH /projects/:id - should return 404 for non-existent ID","duration":1.0210550000000467,"failureMessages":[],"meta":{}},{"ancestorTitles":["Projects API routes"],"fullName":"Projects API routes DELETE /projects/:id - should delete the project","status":"passed","title":"DELETE /projects/:id - should delete the project","duration":4.9514429999999265,"failureMessages":[],"meta":{}},{"ancestorTitles":["Projects API routes"],"fullName":"Projects API routes DELETE /projects/:id - should return 404 if not found","status":"passed","title":"DELETE /projects/:id - should return 404 if not found","duration":1.7913079999999582,"failureMessages":[],"meta":{}}],"startTime":1752636854058,"endTime":1752636854101.7913,"status":"passed","message":"","name":"/home/mta630/Desktop/Projects/ai-assistant/apps/api/src/routes/projects/projects.test.ts"}]}