{"numTotalTestSuites":2,"numPassedTestSuites":0,"numFailedTestSuites":2,"numPendingTestSuites":0,"numTotalTests":6,"numPassedTests":4,"numFailedTests":2,"numPendingTests":0,"numTodoTests":0,"snapshot":{"added":0,"failure":false,"filesAdded":0,"filesRemoved":0,"filesRemovedList":[],"filesUnmatched":0,"filesUpdated":0,"matched":0,"total":0,"unchecked":0,"uncheckedKeysByFile":[],"unmatched":0,"updated":0,"didUpdate":false},"startTime":1752531781356,"success":false,"testResults":[{"assertionResults":[{"ancestorTitles":["POST /api/chat"],"fullName":"POST /api/chat returns 200 and text response for valid payload","status":"failed","title":"returns 200 and text response for valid payload","duration":5003.4652519999945,"failureMessages":["Error: STACK_TRACE_ERROR\n    at task (file:///home/mta630/Desktop/Projects/ai-assistant/node_modules/.pnpm/@vitest+runner@3.2.4/node_modules/@vitest/runner/dist/chunk-hooks.js:638:27)\n    at Object.<anonymous> (file:///home/mta630/Desktop/Projects/ai-assistant/node_modules/.pnpm/@vitest+runner@3.2.4/node_modules/@vitest/runner/dist/chunk-hooks.js:662:16)\n    at Object.<anonymous> (file:///home/mta630/Desktop/Projects/ai-assistant/node_modules/.pnpm/@vitest+runner@3.2.4/node_modules/@vitest/runner/dist/chunk-hooks.js:458:28)\n    at chain (file:///home/mta630/Desktop/Projects/ai-assistant/node_modules/.pnpm/@vitest+runner@3.2.4/node_modules/@vitest/runner/dist/chunk-hooks.js:369:14)\n    at /home/mta630/Desktop/Projects/ai-assistant/apps/api/src/routes/chat.test.ts:11:3\n    at file:///home/mta630/Desktop/Projects/ai-assistant/node_modules/.pnpm/@vitest+runner@3.2.4/node_modules/@vitest/runner/dist/chunk-hooks.js:734:40\n    at runWithSuite (file:///home/mta630/Desktop/Projects/ai-assistant/node_modules/.pnpm/@vitest+runner@3.2.4/node_modules/@vitest/runner/dist/chunk-hooks.js:1849:8)\n    at Object.collect (file:///home/mta630/Desktop/Projects/ai-assistant/node_modules/.pnpm/@vitest+runner@3.2.4/node_modules/@vitest/runner/dist/chunk-hooks.js:734:10)\n    at Object.collect (file:///home/mta630/Desktop/Projects/ai-assistant/node_modules/.pnpm/@vitest+runner@3.2.4/node_modules/@vitest/runner/dist/chunk-hooks.js:738:54)\n    at processTicksAndRejections (node:internal/process/task_queues:105:5)\n    at collectTests (file:///home/mta630/Desktop/Projects/ai-assistant/node_modules/.pnpm/@vitest+runner@3.2.4/node_modules/@vitest/runner/dist/chunk-hooks.js:1179:25)\n    at startTests (file:///home/mta630/Desktop/Projects/ai-assistant/node_modules/.pnpm/@vitest+runner@3.2.4/node_modules/@vitest/runner/dist/chunk-hooks.js:1817:17)\n    at file:///home/mta630/Desktop/Projects/ai-assistant/node_modules/.pnpm/vitest@3.2.4_@types+debug@4.1.12_@types+node@24.0.13_jiti@2.4.2_lightningcss@1.30.1_tsx@4.20.3_yaml@2.8.0/node_modules/vitest/dist/chunks/runBaseTests.9Ij9_de-.js:117:26\n    at withEnv (file:///home/mta630/Desktop/Projects/ai-assistant/node_modules/.pnpm/vitest@3.2.4_@types+debug@4.1.12_@types+node@24.0.13_jiti@2.4.2_lightningcss@1.30.1_tsx@4.20.3_yaml@2.8.0/node_modules/vitest/dist/chunks/runBaseTests.9Ij9_de-.js:84:3)\n    at run (file:///home/mta630/Desktop/Projects/ai-assistant/node_modules/.pnpm/vitest@3.2.4_@types+debug@4.1.12_@types+node@24.0.13_jiti@2.4.2_lightningcss@1.30.1_tsx@4.20.3_yaml@2.8.0/node_modules/vitest/dist/chunks/runBaseTests.9Ij9_de-.js:109:2)"],"meta":{}},{"ancestorTitles":["POST /api/chat"],"fullName":"POST /api/chat returns 400 for missing messages","status":"passed","title":"returns 400 for missing messages","duration":3.839307000002009,"failureMessages":[],"meta":{}},{"ancestorTitles":["POST /api/chat"],"fullName":"POST /api/chat returns 400 for empty messages array","status":"passed","title":"returns 400 for empty messages array","duration":1.1254749999934575,"failureMessages":[],"meta":{}},{"ancestorTitles":["POST /api/chat"],"fullName":"POST /api/chat returns 200 and uses custom system prompt","status":"failed","title":"returns 200 and uses custom system prompt","duration":5001.460905,"failureMessages":["Error: STACK_TRACE_ERROR\n    at task (file:///home/mta630/Desktop/Projects/ai-assistant/node_modules/.pnpm/@vitest+runner@3.2.4/node_modules/@vitest/runner/dist/chunk-hooks.js:638:27)\n    at Object.<anonymous> (file:///home/mta630/Desktop/Projects/ai-assistant/node_modules/.pnpm/@vitest+runner@3.2.4/node_modules/@vitest/runner/dist/chunk-hooks.js:662:16)\n    at Object.<anonymous> (file:///home/mta630/Desktop/Projects/ai-assistant/node_modules/.pnpm/@vitest+runner@3.2.4/node_modules/@vitest/runner/dist/chunk-hooks.js:458:28)\n    at chain (file:///home/mta630/Desktop/Projects/ai-assistant/node_modules/.pnpm/@vitest+runner@3.2.4/node_modules/@vitest/runner/dist/chunk-hooks.js:369:14)\n    at /home/mta630/Desktop/Projects/ai-assistant/apps/api/src/routes/chat.test.ts:58:3\n    at file:///home/mta630/Desktop/Projects/ai-assistant/node_modules/.pnpm/@vitest+runner@3.2.4/node_modules/@vitest/runner/dist/chunk-hooks.js:734:40\n    at runWithSuite (file:///home/mta630/Desktop/Projects/ai-assistant/node_modules/.pnpm/@vitest+runner@3.2.4/node_modules/@vitest/runner/dist/chunk-hooks.js:1849:8)\n    at Object.collect (file:///home/mta630/Desktop/Projects/ai-assistant/node_modules/.pnpm/@vitest+runner@3.2.4/node_modules/@vitest/runner/dist/chunk-hooks.js:734:10)\n    at Object.collect (file:///home/mta630/Desktop/Projects/ai-assistant/node_modules/.pnpm/@vitest+runner@3.2.4/node_modules/@vitest/runner/dist/chunk-hooks.js:738:54)\n    at processTicksAndRejections (node:internal/process/task_queues:105:5)\n    at collectTests (file:///home/mta630/Desktop/Projects/ai-assistant/node_modules/.pnpm/@vitest+runner@3.2.4/node_modules/@vitest/runner/dist/chunk-hooks.js:1179:25)\n    at startTests (file:///home/mta630/Desktop/Projects/ai-assistant/node_modules/.pnpm/@vitest+runner@3.2.4/node_modules/@vitest/runner/dist/chunk-hooks.js:1817:17)\n    at file:///home/mta630/Desktop/Projects/ai-assistant/node_modules/.pnpm/vitest@3.2.4_@types+debug@4.1.12_@types+node@24.0.13_jiti@2.4.2_lightningcss@1.30.1_tsx@4.20.3_yaml@2.8.0/node_modules/vitest/dist/chunks/runBaseTests.9Ij9_de-.js:117:26\n    at withEnv (file:///home/mta630/Desktop/Projects/ai-assistant/node_modules/.pnpm/vitest@3.2.4_@types+debug@4.1.12_@types+node@24.0.13_jiti@2.4.2_lightningcss@1.30.1_tsx@4.20.3_yaml@2.8.0/node_modules/vitest/dist/chunks/runBaseTests.9Ij9_de-.js:84:3)\n    at run (file:///home/mta630/Desktop/Projects/ai-assistant/node_modules/.pnpm/vitest@3.2.4_@types+debug@4.1.12_@types+node@24.0.13_jiti@2.4.2_lightningcss@1.30.1_tsx@4.20.3_yaml@2.8.0/node_modules/vitest/dist/chunks/runBaseTests.9Ij9_de-.js:109:2)"],"meta":{}},{"ancestorTitles":["POST /api/chat"],"fullName":"POST /api/chat returns 400 for unknown model","status":"passed","title":"returns 400 for unknown model","duration":1.4988259999954607,"failureMessages":[],"meta":{}},{"ancestorTitles":["POST /api/chat"],"fullName":"POST /api/chat returns 400 for completely empty payload","status":"passed","title":"returns 400 for completely empty payload","duration":0.6891630000027362,"failureMessages":[],"meta":{}}],"startTime":1752531870253,"endTime":1752531880265.6892,"status":"failed","message":"","name":"/home/mta630/Desktop/Projects/ai-assistant/apps/api/src/routes/chat.test.ts"}]}