{"numTotalTestSuites":4,"numPassedTestSuites":4,"numFailedTestSuites":0,"numPendingTestSuites":0,"numTotalTests":17,"numPassedTests":17,"numFailedTests":0,"numPendingTests":0,"numTodoTests":0,"snapshot":{"added":0,"failure":false,"filesAdded":0,"filesRemoved":0,"filesRemovedList":[],"filesUnmatched":0,"filesUpdated":0,"matched":0,"total":0,"unchecked":0,"uncheckedKeysByFile":[],"unmatched":0,"updated":0,"didUpdate":false},"startTime":1752636854681,"success":true,"testResults":[{"assertionResults":[{"ancestorTitles":["Assistants DB Queries"],"fullName":"Assistants DB Queries should create an assistant","status":"passed","title":"should create an assistant","duration":3.8390379999999595,"failureMessages":[],"meta":{}},{"ancestorTitles":["Assistants DB Queries"],"fullName":"Assistants DB Queries should select assistant from id","status":"passed","title":"should select assistant from id","duration":1.9791700000000674,"failureMessages":[],"meta":{}},{"ancestorTitles":["Assistants DB Queries"],"fullName":"Assistants DB Queries should get assistants by project id","status":"passed","title":"should get assistants by project id","duration":0.7457630000000108,"failureMessages":[],"meta":{}},{"ancestorTitles":["Assistants DB Queries"],"fullName":"Assistants DB Queries should update an assistant","status":"passed","title":"should update an assistant","duration":1.8657990000000382,"failureMessages":[],"meta":{}},{"ancestorTitles":["Assistants DB Queries"],"fullName":"Assistants DB Queries should return null when updating non-existent assistant","status":"passed","title":"should return null when updating non-existent assistant","duration":0.7492340000000013,"failureMessages":[],"meta":{}},{"ancestorTitles":["Assistants DB Queries"],"fullName":"Assistants DB Queries should delete an assistant","status":"passed","title":"should delete an assistant","duration":3.342936000000009,"failureMessages":[],"meta":{}},{"ancestorTitles":["Assistants DB Queries"],"fullName":"Assistants DB Queries should return null when deleting non-existent assistant","status":"passed","title":"should return null when deleting non-existent assistant","duration":0.8276639999999134,"failureMessages":[],"meta":{}},{"ancestorTitles":["Assistants DB Queries"],"fullName":"Assistants DB Queries should handle long instructions and metadata","status":"passed","title":"should handle long instructions and metadata","duration":4.675972000000002,"failureMessages":[],"meta":{}},{"ancestorTitles":["Assistants DB Queries"],"fullName":"Assistants DB Queries should delete all assistants with given project id","status":"passed","title":"should delete all assistants with given project id","duration":7.22792400000003,"failureMessages":[],"meta":{}}],"startTime":1752636855280,"endTime":1752636855305.228,"status":"passed","message":"","name":"/home/mta630/Desktop/Projects/ai-assistant/packages/db/src/assistants/assistants.test.ts"},{"assertionResults":[{"ancestorTitles":["Projects DB Queries"],"fullName":"Projects DB Queries should create a project","status":"passed","title":"should create a project","duration":5.75430700000004,"failureMessages":[],"meta":{}},{"ancestorTitles":["Projects DB Queries"],"fullName":"Projects DB Queries should get project by id","status":"passed","title":"should get project by id","duration":1.3245259999999917,"failureMessages":[],"meta":{}},{"ancestorTitles":["Projects DB Queries"],"fullName":"Projects DB Queries should return undefined for non-existent id","status":"passed","title":"should return undefined for non-existent id","duration":0.600133000000028,"failureMessages":[],"meta":{}},{"ancestorTitles":["Projects DB Queries"],"fullName":"Projects DB Queries should return all projects (at least one)","status":"passed","title":"should return all projects (at least one)","duration":0.8954840000000104,"failureMessages":[],"meta":{}},{"ancestorTitles":["Projects DB Queries"],"fullName":"Projects DB Queries should update a project","status":"passed","title":"should update a project","duration":1.9023489999999583,"failureMessages":[],"meta":{}},{"ancestorTitles":["Projects DB Queries"],"fullName":"Projects DB Queries should return undefined when updating nonexistent project","status":"passed","title":"should return undefined when updating nonexistent project","duration":0.5298819999999296,"failureMessages":[],"meta":{}},{"ancestorTitles":["Projects DB Queries"],"fullName":"Projects DB Queries should delete a project","status":"passed","title":"should delete a project","duration":3.58739700000001,"failureMessages":[],"meta":{}},{"ancestorTitles":["Projects DB Queries"],"fullName":"Projects DB Queries should return undefined when deleting non-existent project","status":"passed","title":"should return undefined when deleting non-existent project","duration":0.43334200000003875,"failureMessages":[],"meta":{}}],"startTime":1752636855281,"endTime":1752636855295.5874,"status":"passed","message":"","name":"/home/mta630/Desktop/Projects/ai-assistant/packages/db/src/projects/projects.test.ts"}]}